This file contains any messages produced by compilers while
running configure, to aid debugging if configure makes a mistake.

It was created by libitl configure 0.7, which was
generated by GNU Autoconf 2.61.  Invocation command line was

  $ ./configure 

## --------- ##
## Platform. ##
## --------- ##

hostname = aasdev
uname -m = x86_64
uname -r = 2.6.18-308.11.1.el5
uname -s = Linux
uname -v = #1 SMP Tue Jul 10 08:48:43 EDT 2012

/usr/bin/uname -p = unknown
/bin/uname -X     = unknown

/bin/arch              = x86_64
/usr/bin/arch -k       = unknown
/usr/convex/getsysinfo = unknown
/usr/bin/hostinfo      = unknown
/bin/machine           = unknown
/usr/bin/oslevel       = unknown
/bin/universe          = unknown

PATH: /usr/kerberos/bin
PATH: /usr/local/bin
PATH: /usr/bin
PATH: /bin
PATH: /usr/X11R6/bin
PATH: /home/ashaikh/bin


## ----------- ##
## Core tests. ##
## ----------- ##

configure:1734: checking for gcc
configure:1750: found /usr/bin/gcc
configure:1761: result: gcc
configure:1999: checking for C compiler version
configure:2006: gcc --version >&5
gcc (GCC) 4.1.2 20080704 (Red Hat 4.1.2-52)
Copyright (C) 2006 Free Software Foundation, Inc.
This is free software; see the source for copying conditions.  There is NO
warranty; not even for MERCHANTABILITY or FITNESS FOR A PARTICULAR PURPOSE.

configure:2009: $? = 0
configure:2016: gcc -v >&5
Using built-in specs.
Target: x86_64-redhat-linux
Configured with: ../configure --prefix=/usr --mandir=/usr/share/man --infodir=/usr/share/info --enable-shared --enable-threads=posix --enable-checking=release --with-system-zlib --enable-__cxa_atexit --disable-libunwind-exceptions --enable-libgcj-multifile --enable-languages=c,c++,objc,obj-c++,java,fortran,ada --enable-java-awt=gtk --disable-dssi --disable-plugin --with-java-home=/usr/lib/jvm/java-1.4.2-gcj-1.4.2.0/jre --with-cpu=generic --host=x86_64-redhat-linux
Thread model: posix
gcc version 4.1.2 20080704 (Red Hat 4.1.2-52)
configure:2019: $? = 0
configure:2026: gcc -V >&5
gcc: '-V' option must have argument
configure:2029: $? = 1
configure:2052: checking for C compiler default output file name
configure:2079: gcc    conftest.c  >&5
configure:2082: $? = 0
configure:2120: result: a.out
configure:2137: checking whether the C compiler works
configure:2147: ./a.out
configure:2150: $? = 0
configure:2167: result: yes
configure:2174: checking whether we are cross compiling
configure:2176: result: no
configure:2179: checking for suffix of executables
configure:2186: gcc -o conftest    conftest.c  >&5
configure:2189: $? = 0
configure:2213: result: 
configure:2219: checking for suffix of object files
configure:2245: gcc -c   conftest.c >&5
configure:2248: $? = 0
configure:2271: result: o
configure:2275: checking whether we are using the GNU C compiler
configure:2304: gcc -c   conftest.c >&5
configure:2310: $? = 0
configure:2327: result: yes
configure:2332: checking whether gcc accepts -g
configure:2362: gcc -c -g  conftest.c >&5
configure:2368: $? = 0
configure:2467: result: yes
configure:2484: checking for gcc option to accept ISO C89
configure:2558: gcc  -c -g -O2  conftest.c >&5
configure:2564: $? = 0
configure:2587: result: none needed
configure:2607: checking for ld
configure:2625: found /usr/bin/ld
configure:2637: result: /usr/bin/ld
configure:2652: checking how to run the C preprocessor
configure:2692: gcc -E  conftest.c
configure:2698: $? = 0
configure:2729: gcc -E  conftest.c
conftest.c:8:28: error: ac_nonexistent.h: No such file or directory
configure:2735: $? = 1
configure: failed program was:
| /* confdefs.h.  */
| #define PACKAGE_NAME "libitl"
| #define PACKAGE_TARNAME "libitl"
| #define PACKAGE_VERSION "0.7"
| #define PACKAGE_STRING "libitl 0.7"
| #define PACKAGE_BUGREPORT "developer-at-arabeyes.org"
| /* end confdefs.h.  */
| #include <ac_nonexistent.h>
configure:2768: result: gcc -E
configure:2797: gcc -E  conftest.c
configure:2803: $? = 0
configure:2834: gcc -E  conftest.c
conftest.c:8:28: error: ac_nonexistent.h: No such file or directory
configure:2840: $? = 1
configure: failed program was:
| /* confdefs.h.  */
| #define PACKAGE_NAME "libitl"
| #define PACKAGE_TARNAME "libitl"
| #define PACKAGE_VERSION "0.7"
| #define PACKAGE_STRING "libitl 0.7"
| #define PACKAGE_BUGREPORT "developer-at-arabeyes.org"
| /* end confdefs.h.  */
| #include <ac_nonexistent.h>
configure:2878: checking for grep that handles long lines and -e
configure:2952: result: /bin/grep
configure:2957: checking for egrep
configure:3035: result: /bin/grep -E
configure:3040: checking for ANSI C header files
configure:3070: gcc -c -g -O2  conftest.c >&5
configure:3076: $? = 0
configure:3175: gcc -o conftest -g -O2   conftest.c  >&5
configure:3178: $? = 0
configure:3184: ./conftest
configure:3187: $? = 0
configure:3204: result: yes
configure:3228: checking for sys/types.h
configure:3249: gcc -c -g -O2  conftest.c >&5
configure:3255: $? = 0
configure:3271: result: yes
configure:3228: checking for sys/stat.h
configure:3249: gcc -c -g -O2  conftest.c >&5
configure:3255: $? = 0
configure:3271: result: yes
configure:3228: checking for stdlib.h
configure:3249: gcc -c -g -O2  conftest.c >&5
configure:3255: $? = 0
configure:3271: result: yes
configure:3228: checking for string.h
configure:3249: gcc -c -g -O2  conftest.c >&5
configure:3255: $? = 0
configure:3271: result: yes
configure:3228: checking for memory.h
configure:3249: gcc -c -g -O2  conftest.c >&5
configure:3255: $? = 0
configure:3271: result: yes
configure:3228: checking for strings.h
configure:3249: gcc -c -g -O2  conftest.c >&5
configure:3255: $? = 0
configure:3271: result: yes
configure:3228: checking for inttypes.h
configure:3249: gcc -c -g -O2  conftest.c >&5
configure:3255: $? = 0
configure:3271: result: yes
configure:3228: checking for stdint.h
configure:3249: gcc -c -g -O2  conftest.c >&5
configure:3255: $? = 0
configure:3271: result: yes
configure:3228: checking for unistd.h
configure:3249: gcc -c -g -O2  conftest.c >&5
configure:3255: $? = 0
configure:3271: result: yes
configure:3288: checking for stdlib.h
configure:3294: result: yes
configure:3428: checking for an ANSI C-conforming const
configure:3503: gcc -c -g -O2  conftest.c >&5
configure:3509: $? = 0
configure:3524: result: yes
configure:3534: checking for uid_t in sys/types.h
configure:3557: result: yes
configure:3577: checking for strcasecmp
configure:3633: gcc -o conftest -g -O2   conftest.c  >&5
conftest.c:42: warning: conflicting types for built-in function 'strcasecmp'
configure:3639: $? = 0
configure:3657: result: yes
configure:3668: checking for floor in -lm
configure:3703: gcc -o conftest -g -O2   conftest.c -lm   >&5
conftest.c:27: warning: conflicting types for built-in function 'floor'
configure:3709: $? = 0
configure:3727: result: yes
configure:3743: checking for modf in -lm
configure:3778: gcc -o conftest -g -O2   conftest.c -lm  -lm  >&5
conftest.c:28: warning: conflicting types for built-in function 'modf'
configure:3784: $? = 0
configure:3802: result: yes
configure:3818: checking for pow in -lm
configure:3853: gcc -o conftest -g -O2   conftest.c -lm  -lm -lm  >&5
conftest.c:29: warning: conflicting types for built-in function 'pow'
configure:3859: $? = 0
configure:3877: result: yes
configure:3893: checking for atan2 in -lm
configure:3928: gcc -o conftest -g -O2   conftest.c -lm  -lm -lm -lm  >&5
conftest.c:30: warning: conflicting types for built-in function 'atan2'
configure:3934: $? = 0
configure:3952: result: yes
configure:4106: creating ./config.status

## ---------------------- ##
## Running config.status. ##
## ---------------------- ##

This file was extended by libitl config.status 0.7, which was
generated by GNU Autoconf 2.61.  Invocation command line was

  CONFIG_FILES    = 
  CONFIG_HEADERS  = 
  CONFIG_LINKS    = 
  CONFIG_COMMANDS = 
  $ ./config.status 

on aasdev

config.status:575: creating build/config.mk
configure:5115: creating ./config.status

## ---------------------- ##
## Running config.status. ##
## ---------------------- ##

This file was extended by libitl config.status 0.7, which was
generated by GNU Autoconf 2.61.  Invocation command line was

  CONFIG_FILES    = 
  CONFIG_HEADERS  = 
  CONFIG_LINKS    = 
  CONFIG_COMMANDS = 
  $ ./config.status 

on aasdev

config.status:576: creating build/config.mk
config.status:576: creating Makefile

## ---------------- ##
## Cache variables. ##
## ---------------- ##

ac_cv_c_compiler_gnu=yes
ac_cv_c_const=yes
ac_cv_env_CC_set=
ac_cv_env_CC_value=
ac_cv_env_CFLAGS_set=
ac_cv_env_CFLAGS_value=
ac_cv_env_CPPFLAGS_set=
ac_cv_env_CPPFLAGS_value=
ac_cv_env_CPP_set=
ac_cv_env_CPP_value=
ac_cv_env_LDFLAGS_set=
ac_cv_env_LDFLAGS_value=
ac_cv_env_LIBS_set=
ac_cv_env_LIBS_value=
ac_cv_env_build_alias_set=
ac_cv_env_build_alias_value=
ac_cv_env_host_alias_set=
ac_cv_env_host_alias_value=
ac_cv_env_target_alias_set=
ac_cv_env_target_alias_value=
ac_cv_func_strcasecmp=yes
ac_cv_header_inttypes_h=yes
ac_cv_header_memory_h=yes
ac_cv_header_stdc=yes
ac_cv_header_stdint_h=yes
ac_cv_header_stdlib_h=yes
ac_cv_header_string_h=yes
ac_cv_header_strings_h=yes
ac_cv_header_sys_stat_h=yes
ac_cv_header_sys_types_h=yes
ac_cv_header_unistd_h=yes
ac_cv_lib_m_atan2=yes
ac_cv_lib_m_floor=yes
ac_cv_lib_m_modf=yes
ac_cv_lib_m_pow=yes
ac_cv_objext=o
ac_cv_path_EGREP='/bin/grep -E'
ac_cv_path_GREP=/bin/grep
ac_cv_path_LD=/usr/bin/ld
ac_cv_prog_CPP='gcc -E'
ac_cv_prog_ac_ct_CC=gcc
ac_cv_prog_cc_c89=
ac_cv_prog_cc_g=yes
ac_cv_type_uid_t=yes

## ----------------- ##
## Output variables. ##
## ----------------- ##

CC='gcc'
CFLAGS='-g -O2'
CPP='gcc -E'
CPPFLAGS=''
DEFS='-DPACKAGE_NAME=\"libitl\" -DPACKAGE_TARNAME=\"libitl\" -DPACKAGE_VERSION=\"0.7\" -DPACKAGE_STRING=\"libitl\ 0.7\" -DPACKAGE_BUGREPORT=\"developer-at-arabeyes.org\" -DSTDC_HEADERS=1 -DHAVE_SYS_TYPES_H=1 -DHAVE_SYS_STAT_H=1 -DHAVE_STDLIB_H=1 -DHAVE_STRING_H=1 -DHAVE_MEMORY_H=1 -DHAVE_STRINGS_H=1 -DHAVE_INTTYPES_H=1 -DHAVE_STDINT_H=1 -DHAVE_UNISTD_H=1 -DHAVE_STDLIB_H=1 -DHAVE_STRCASECMP=1 -DHAVE_LIBM=1 -DHAVE_LIBM=1 -DHAVE_LIBM=1 -DHAVE_LIBM=1'
ECHO_C=''
ECHO_N='-n'
ECHO_T=''
EGREP='/bin/grep -E'
EXEEXT=''
GREP='/bin/grep'
LD='/usr/bin/ld'
LDFLAGS=''
LIBOBJS=''
LIBS='-lm -lm -lm -lm '
LTLIBOBJS=''
OBJEXT='o'
PACKAGE_BUGREPORT='developer-at-arabeyes.org'
PACKAGE_NAME='libitl'
PACKAGE_STRING='libitl 0.7'
PACKAGE_TARNAME='libitl'
PACKAGE_VERSION='0.7'
PATH_SEPARATOR=':'
SHELL='/bin/sh'
ac_ct_CC='gcc'
bindir='${exec_prefix}/bin'
build_alias=''
datadir='${datarootdir}'
datarootdir='${prefix}/share'
docdir='${datarootdir}/doc/${PACKAGE_TARNAME}'
dvidir='${docdir}'
exec_prefix='${prefix}'
host_alias=''
htmldir='${docdir}'
includedir='${prefix}/include'
infodir='${datarootdir}/info'
libdir='${exec_prefix}/lib'
libexecdir='${exec_prefix}/libexec'
localedir='${datarootdir}/locale'
localstatedir='${prefix}/var'
mandir='${datarootdir}/man'
oldincludedir='/usr/include'
pdfdir='${docdir}'
prefix='/usr/local'
program_transform_name='s,x,x,'
psdir='${docdir}'
sbindir='${exec_prefix}/sbin'
sharedstatedir='${prefix}/com'
sysconfdir='${prefix}/etc'
target_alias=''

## ----------- ##
## confdefs.h. ##
## ----------- ##

#define PACKAGE_NAME "libitl"
#define PACKAGE_TARNAME "libitl"
#define PACKAGE_VERSION "0.7"
#define PACKAGE_STRING "libitl 0.7"
#define PACKAGE_BUGREPORT "developer-at-arabeyes.org"
#define STDC_HEADERS 1
#define HAVE_SYS_TYPES_H 1
#define HAVE_SYS_STAT_H 1
#define HAVE_STDLIB_H 1
#define HAVE_STRING_H 1
#define HAVE_MEMORY_H 1
#define HAVE_STRINGS_H 1
#define HAVE_INTTYPES_H 1
#define HAVE_STDINT_H 1
#define HAVE_UNISTD_H 1
#define HAVE_STDLIB_H 1
#define HAVE_STRCASECMP 1
#define HAVE_LIBM 1
#define HAVE_LIBM 1
#define HAVE_LIBM 1
#define HAVE_LIBM 1

configure: exit 0
